current directory: /home/trieadmin/rubyvenv/staging/2.6/gems/nokogiri-1.10.9/ext/nokogiri
/opt/alt/ruby26/bin/ruby -I /opt/alt/ruby26/lib64/ruby/2.6.0 -r ./siteconf20200607-915416-39osft.rb extconf.rb
checking if the C compiler accepts ... *** extconf.rb failed ***
Could not create Makefile due to some reason, probably lack of necessary
libraries and/or headers.  Check the mkmf.log file for more details.  You may
need configuration options.

Provided configuration options:
	--with-opt-dir
	--without-opt-dir
	--with-opt-include
	--without-opt-include=${opt-dir}/include
	--with-opt-lib
	--without-opt-lib=${opt-dir}/lib64
	--with-make-prog
	--without-make-prog
	--srcdir=.
	--curdir
	--ruby=/opt/alt/ruby26/bin/$(RUBY_BASE_NAME)
	--help
	--clean
/opt/alt/ruby26/lib64/ruby/2.6.0/mkmf.rb:467:in `try_do': The compiler failed to generate an executable file. (RuntimeError)
You have to install development tools first.
	from /opt/alt/ruby26/lib64/ruby/2.6.0/mkmf.rb:585:in `block in try_compile'
	from /opt/alt/ruby26/lib64/ruby/2.6.0/mkmf.rb:532:in `with_werror'
	from /opt/alt/ruby26/lib64/ruby/2.6.0/mkmf.rb:585:in `try_compile'
	from extconf.rb:138:in `nokogiri_try_compile'
	from extconf.rb:162:in `block in add_cflags'
	from /opt/alt/ruby26/lib64/ruby/2.6.0/mkmf.rb:643:in `with_cflags'
	from extconf.rb:161:in `add_cflags'
	from extconf.rb:416:in `<main>'

To see why this extension failed to compile, please check the mkmf.log which can be found here:

  /home/trieadmin/rubyvenv/staging/2.6/extensions/x86_64-linux/2.6.0/nokogiri-1.10.9/mkmf.log

extconf failed, exit code 1
